# JRE version: Java(TM) SE Runtime Environment (8.0_211-b12) (build 1.8.0_211-b12)
# Java VM: Java HotSpot(TM) 64-Bit Server VM (25.211-b12 mixed mode windows-amd64 compressed oops)
Heap:
 PSYoungGen      total 36352K, used 5638K [0x00000000d7a00000, 0x00000000da280000, 0x0000000100000000)
  eden space 31232K, 18% used [0x00000000d7a00000,0x00000000d7f81ba8,0x00000000d9880000)
  from space 5120K, 0% used [0x00000000d9880000,0x00000000d9880000,0x00000000d9d80000)
  to   space 5120K, 0% used [0x00000000d9d80000,0x00000000d9d80000,0x00000000da280000)
 ParOldGen       total 55296K, used 5794K [0x0000000086e00000, 0x000000008a400000, 0x00000000d7a00000)
  object space 55296K, 10% used [0x0000000086e00000,0x00000000873a8b60,0x000000008a400000)
 Metaspace       used 15216K, capacity 15496K, committed 15616K, reserved 1064960K
  class space    used 1864K, capacity 1976K, committed 2048K, reserved 1048576K
GC Heap History (8 events):
Event: 4.290 GC heap before
{Heap before GC invocations=1 (full 0):
 PSYoungGen      total 36352K, used 31232K [0x00000000d7a00000, 0x00000000da280000, 0x0000000100000000)
  eden space 31232K, 100% used [0x00000000d7a00000,0x00000000d9880000,0x00000000d9880000)
  from space 5120K, 0% used [0x00000000d9d80000,0x00000000d9d80000,0x00000000da280000)
  to   space 5120K, 0% used [0x00000000d9880000,0x00000000d9880000,0x00000000d9d80000)
 ParOldGen       total 83456K, used 0K [0x0000000086e00000, 0x000000008bf80000, 0x00000000d7a00000)
  object space 83456K, 0% used [0x0000000086e00000,0x0000000086e00000,0x000000008bf80000)
 Metaspace       used 8827K, capacity 9076K, committed 9088K, reserved 1056768K
  class space    used 1057K, capacity 1152K, committed 1152K, reserved 1048576K
Event: 4.320 GC heap after
Heap after GC invocations=1 (full 0):
 PSYoungGen      total 36352K, used 5106K [0x00000000d7a00000, 0x00000000da280000, 0x0000000100000000)
  eden space 31232K, 0% used [0x00000000d7a00000,0x00000000d7a00000,0x00000000d9880000)
  from space 5120K, 99% used [0x00000000d9880000,0x00000000d9d7ca68,0x00000000d9d80000)
  to   space 5120K, 0% used [0x00000000d9d80000,0x00000000d9d80000,0x00000000da280000)
 ParOldGen       total 83456K, used 115K [0x0000000086e00000, 0x000000008bf80000, 0x00000000d7a00000)
  object space 83456K, 0% used [0x0000000086e00000,0x0000000086e1cc40,0x000000008bf80000)
 Metaspace       used 8827K, capacity 9076K, committed 9088K, reserved 1056768K
  class space    used 1057K, capacity 1152K, committed 1152K, reserved 1048576K
}
Event: 6.817 GC heap before
{Heap before GC invocations=2 (full 0):
 PSYoungGen      total 36352K, used 36338K [0x00000000d7a00000, 0x00000000da280000, 0x0000000100000000)
  eden space 31232K, 100% used [0x00000000d7a00000,0x00000000d9880000,0x00000000d9880000)
  from space 5120K, 99% used [0x00000000d9880000,0x00000000d9d7ca68,0x00000000d9d80000)
  to   space 5120K, 0% used [0x00000000d9d80000,0x00000000d9d80000,0x00000000da280000)
 ParOldGen       total 83456K, used 115K [0x0000000086e00000, 0x000000008bf80000, 0x00000000d7a00000)
  object space 83456K, 0% used [0x0000000086e00000,0x0000000086e1cc40,0x000000008bf80000)
 Metaspace       used 11783K, capacity 12028K, committed 12160K, reserved 1060864K
  class space    used 1438K, capacity 1580K, committed 1664K, reserved 1048576K
Event: 6.845 GC heap after
Heap after GC invocations=2 (full 0):
 PSYoungGen      total 36352K, used 5111K [0x00000000d7a00000, 0x00000000da280000, 0x0000000100000000)
  eden space 31232K, 0% used [0x00000000d7a00000,0x00000000d7a00000,0x00000000d9880000)
  from space 5120K, 99% used [0x00000000d9d80000,0x00000000da27dc00,0x00000000da280000)
  to   space 5120K, 0% used [0x00000000d9880000,0x00000000d9880000,0x00000000d9d80000)
 ParOldGen       total 83456K, used 1542K [0x0000000086e00000, 0x000000008bf80000, 0x00000000d7a00000)
  object space 83456K, 1% used [0x0000000086e00000,0x0000000086f81a18,0x000000008bf80000)
 Metaspace       used 11783K, capacity 12028K, committed 12160K, reserved 1060864K
  class space    used 1438K, capacity 1580K, committed 1664K, reserved 1048576K
}
Event: 8.670 GC heap before
{Heap before GC invocations=3 (full 0):
 PSYoungGen      total 36352K, used 27046K [0x00000000d7a00000, 0x00000000da280000, 0x0000000100000000)
  eden space 31232K, 70% used [0x00000000d7a00000,0x00000000d8f6bed0,0x00000000d9880000)
  from space 5120K, 99% used [0x00000000d9d80000,0x00000000da27dc00,0x00000000da280000)
  to   space 5120K, 0% used [0x00000000d9880000,0x00000000d9880000,0x00000000d9d80000)
 ParOldGen       total 83456K, used 1542K [0x0000000086e00000, 0x000000008bf80000, 0x00000000d7a00000)
  object space 83456K, 1% used [0x0000000086e00000,0x0000000086f81a18,0x000000008bf80000)
 Metaspace       used 14418K, capacity 14632K, committed 14720K, reserved 1067008K
  class space    used 1784K, capacity 1880K, committed 1920K, reserved 1048576K
Event: 8.711 GC heap after
Heap after GC invocations=3 (full 0):
 PSYoungGen      total 36352K, used 5113K [0x00000000d7a00000, 0x00000000da280000, 0x0000000100000000)
  eden space 31232K, 0% used [0x00000000d7a00000,0x00000000d7a00000,0x00000000d9880000)
  from space 5120K, 99% used [0x00000000d9880000,0x00000000d9d7e728,0x00000000d9d80000)
  to   space 5120K, 0% used [0x00000000d9d80000,0x00000000d9d80000,0x00000000da280000)
 ParOldGen       total 83456K, used 2403K [0x0000000086e00000, 0x000000008bf80000, 0x00000000d7a00000)
  object space 83456K, 2% used [0x0000000086e00000,0x0000000087058ce8,0x000000008bf80000)
 Metaspace       used 14418K, capacity 14632K, committed 14720K, reserved 1067008K
  class space    used 1784K, capacity 1880K, committed 1920K, reserved 1048576K
}
Event: 8.711 GC heap before
{Heap before GC invocations=4 (full 1):
 PSYoungGen      total 36352K, used 5113K [0x00000000d7a00000, 0x00000000da280000, 0x0000000100000000)
  eden space 31232K, 0% used [0x00000000d7a00000,0x00000000d7a00000,0x00000000d9880000)
  from space 5120K, 99% used [0x00000000d9880000,0x00000000d9d7e728,0x00000000d9d80000)
  to   space 5120K, 0% used [0x00000000d9d80000,0x00000000d9d80000,0x00000000da280000)
 ParOldGen       total 83456K, used 2403K [0x0000000086e00000, 0x000000008bf80000, 0x00000000d7a00000)
  object space 83456K, 2% used [0x0000000086e00000,0x0000000087058ce8,0x000000008bf80000)
 Metaspace       used 14418K, capacity 14632K, committed 14720K, reserved 1067008K
  class space    used 1784K, capacity 1880K, committed 1920K, reserved 1048576K
Event: 8.833 GC heap after
Heap after GC invocations=4 (full 1):
 PSYoungGen      total 36352K, used 0K [0x00000000d7a00000, 0x00000000da280000, 0x0000000100000000)
  eden space 31232K, 0% used [0x00000000d7a00000,0x00000000d7a00000,0x00000000d9880000)
  from space 5120K, 0% used [0x00000000d9880000,0x00000000d9880000,0x00000000d9d80000)
  to   space 5120K, 0% used [0x00000000d9d80000,0x00000000d9d80000,0x00000000da280000)
 ParOldGen       total 55296K, used 5794K [0x0000000086e00000, 0x000000008a400000, 0x00000000d7a00000)
  object space 55296K, 10% used [0x0000000086e00000,0x00000000873a8b60,0x000000008a400000)
 Metaspace       used 14418K, capacity 14632K, committed 14720K, reserved 1064960K
  class space    used 1784K, capacity 1880K, committed 1920K, reserved 1048576K
}

