# JRE version: Java(TM) SE Runtime Environment (8.0_211-b12) (build 1.8.0_211-b12)
# Java VM: Java HotSpot(TM) 64-Bit Server VM (25.211-b12 mixed mode windows-amd64 compressed oops)
Heap:
 PSYoungGen      total 283648K, used 260598K [0x00000000d7a00000, 0x00000000eac80000, 0x0000000100000000)
  eden space 264704K, 91% used [0x00000000d7a00000,0x00000000e665e4d8,0x00000000e7c80000)
  from space 18944K, 97% used [0x00000000e8680000,0x00000000e989f4c0,0x00000000e9900000)
  to   space 19968K, 0% used [0x00000000e9900000,0x00000000e9900000,0x00000000eac80000)
 ParOldGen       total 111104K, used 32544K [0x0000000086e00000, 0x000000008da80000, 0x00000000d7a00000)
  object space 111104K, 29% used [0x0000000086e00000,0x0000000088dc8198,0x000000008da80000)
 Metaspace       used 79006K, capacity 83770K, committed 83800K, reserved 1122304K
  class space    used 10370K, capacity 11132K, committed 11136K, reserved 1048576K
GC Heap History (10 events):
Event: 28.408 GC heap before
{Heap before GC invocations=12 (full 2):
 PSYoungGen      total 195072K, used 169422K [0x00000000d7a00000, 0x00000000e7d00000, 0x0000000100000000)
  eden space 182272K, 85% used [0x00000000d7a00000,0x00000000e12f6818,0x00000000e2c00000)
  from space 12800K, 99% used [0x00000000e2c00000,0x00000000e387d0c8,0x00000000e3880000)
  to   space 15360K, 0% used [0x00000000e6e00000,0x00000000e6e00000,0x00000000e7d00000)
 ParOldGen       total 80384K, used 20490K [0x0000000086e00000, 0x000000008bc80000, 0x00000000d7a00000)
  object space 80384K, 25% used [0x0000000086e00000,0x0000000088202b10,0x000000008bc80000)
 Metaspace       used 56083K, capacity 58902K, committed 59028K, reserved 1099776K
  class space    used 7620K, capacity 8108K, committed 8192K, reserved 1048576K
Event: 28.454 GC heap after
Heap after GC invocations=12 (full 2):
 PSYoungGen      total 247808K, used 15267K [0x00000000d7a00000, 0x00000000e7f80000, 0x0000000100000000)
  eden space 232448K, 0% used [0x00000000d7a00000,0x00000000d7a00000,0x00000000e5d00000)
  from space 15360K, 99% used [0x00000000e6e00000,0x00000000e7ce8d48,0x00000000e7d00000)
  to   space 17408K, 0% used [0x00000000e5d00000,0x00000000e5d00000,0x00000000e6e00000)
 ParOldGen       total 80384K, used 20498K [0x0000000086e00000, 0x000000008bc80000, 0x00000000d7a00000)
  object space 80384K, 25% used [0x0000000086e00000,0x0000000088204b10,0x000000008bc80000)
 Metaspace       used 56083K, capacity 58902K, committed 59028K, reserved 1099776K
  class space    used 7620K, capacity 8108K, committed 8192K, reserved 1048576K
}
Event: 28.454 GC heap before
{Heap before GC invocations=13 (full 3):
 PSYoungGen      total 247808K, used 15267K [0x00000000d7a00000, 0x00000000e7f80000, 0x0000000100000000)
  eden space 232448K, 0% used [0x00000000d7a00000,0x00000000d7a00000,0x00000000e5d00000)
  from space 15360K, 99% used [0x00000000e6e00000,0x00000000e7ce8d48,0x00000000e7d00000)
  to   space 17408K, 0% used [0x00000000e5d00000,0x00000000e5d00000,0x00000000e6e00000)
 ParOldGen       total 80384K, used 20498K [0x0000000086e00000, 0x000000008bc80000, 0x00000000d7a00000)
  object space 80384K, 25% used [0x0000000086e00000,0x0000000088204b10,0x000000008bc80000)
 Metaspace       used 56083K, capacity 58902K, committed 59028K, reserved 1099776K
  class space    used 7620K, capacity 8108K, committed 8192K, reserved 1048576K
Event: 28.769 GC heap after
Heap after GC invocations=13 (full 3):
 PSYoungGen      total 247808K, used 0K [0x00000000d7a00000, 0x00000000e7f80000, 0x0000000100000000)
  eden space 232448K, 0% used [0x00000000d7a00000,0x00000000d7a00000,0x00000000e5d00000)
  from space 15360K, 0% used [0x00000000e6e00000,0x00000000e6e00000,0x00000000e7d00000)
  to   space 17408K, 0% used [0x00000000e5d00000,0x00000000e5d00000,0x00000000e6e00000)
 ParOldGen       total 111104K, used 27592K [0x0000000086e00000, 0x000000008da80000, 0x00000000d7a00000)
  object space 111104K, 24% used [0x0000000086e00000,0x00000000888f20f8,0x000000008da80000)
 Metaspace       used 56083K, capacity 58902K, committed 59028K, reserved 1099776K
  class space    used 7620K, capacity 8108K, committed 8192K, reserved 1048576K
}
Event: 35.872 GC heap before
{Heap before GC invocations=14 (full 3):
 PSYoungGen      total 247808K, used 232448K [0x00000000d7a00000, 0x00000000e7f80000, 0x0000000100000000)
  eden space 232448K, 100% used [0x00000000d7a00000,0x00000000e5d00000,0x00000000e5d00000)
  from space 15360K, 0% used [0x00000000e6e00000,0x00000000e6e00000,0x00000000e7d00000)
  to   space 17408K, 0% used [0x00000000e5d00000,0x00000000e5d00000,0x00000000e6e00000)
 ParOldGen       total 111104K, used 27592K [0x0000000086e00000, 0x000000008da80000, 0x00000000d7a00000)
  object space 111104K, 24% used [0x0000000086e00000,0x00000000888f20f8,0x000000008da80000)
 Metaspace       used 64317K, capacity 67838K, committed 68056K, reserved 1107968K
  class space    used 8672K, capacity 9216K, committed 9216K, reserved 1048576K
Event: 35.912 GC heap after
Heap after GC invocations=14 (full 3):
 PSYoungGen      total 249856K, used 14167K [0x00000000d7a00000, 0x00000000eb280000, 0x0000000100000000)
  eden space 232448K, 0% used [0x00000000d7a00000,0x00000000d7a00000,0x00000000e5d00000)
  from space 17408K, 81% used [0x00000000e5d00000,0x00000000e6ad5c38,0x00000000e6e00000)
  to   space 18432K, 0% used [0x00000000ea080000,0x00000000ea080000,0x00000000eb280000)
 ParOldGen       total 111104K, used 27592K [0x0000000086e00000, 0x000000008da80000, 0x00000000d7a00000)
  object space 111104K, 24% used [0x0000000086e00000,0x00000000888f20f8,0x000000008da80000)
 Metaspace       used 64317K, capacity 67838K, committed 68056K, reserved 1107968K
  class space    used 8672K, capacity 9216K, committed 9216K, reserved 1048576K
}
Event: 109.980 GC heap before
{Heap before GC invocations=15 (full 3):
 PSYoungGen      total 249856K, used 246615K [0x00000000d7a00000, 0x00000000eb280000, 0x0000000100000000)
  eden space 232448K, 100% used [0x00000000d7a00000,0x00000000e5d00000,0x00000000e5d00000)
  from space 17408K, 81% used [0x00000000e5d00000,0x00000000e6ad5c38,0x00000000e6e00000)
  to   space 18432K, 0% used [0x00000000ea080000,0x00000000ea080000,0x00000000eb280000)
 ParOldGen       total 111104K, used 27592K [0x0000000086e00000, 0x000000008da80000, 0x00000000d7a00000)
  object space 111104K, 24% used [0x0000000086e00000,0x00000000888f20f8,0x000000008da80000)
 Metaspace       used 76512K, capacity 80876K, committed 81112K, reserved 1120256K
  class space    used 10242K, capacity 10953K, committed 11008K, reserved 1048576K
Event: 110.025 GC heap after
Heap after GC invocations=15 (full 3):
 PSYoungGen      total 293376K, used 18411K [0x00000000d7a00000, 0x00000000eb380000, 0x0000000100000000)
  eden space 274944K, 0% used [0x00000000d7a00000,0x00000000d7a00000,0x00000000e8680000)
  from space 18432K, 99% used [0x00000000ea080000,0x00000000eb27ae90,0x00000000eb280000)
  to   space 23040K, 0% used [0x00000000e8680000,0x00000000e8680000,0x00000000e9d00000)
 ParOldGen       total 111104K, used 32536K [0x0000000086e00000, 0x000000008da80000, 0x00000000d7a00000)
  object space 111104K, 29% used [0x0000000086e00000,0x0000000088dc6198,0x000000008da80000)
 Metaspace       used 76512K, capacity 80876K, committed 81112K, reserved 1120256K
  class space    used 10242K, capacity 10953K, committed 11008K, reserved 1048576K
}
Event: 481.726 GC heap before
{Heap before GC invocations=16 (full 3):
 PSYoungGen      total 293376K, used 293355K [0x00000000d7a00000, 0x00000000eb380000, 0x0000000100000000)
  eden space 274944K, 100% used [0x00000000d7a00000,0x00000000e8680000,0x00000000e8680000)
  from space 18432K, 99% used [0x00000000ea080000,0x00000000eb27ae90,0x00000000eb280000)
  to   space 23040K, 0% used [0x00000000e8680000,0x00000000e8680000,0x00000000e9d00000)
 ParOldGen       total 111104K, used 32536K [0x0000000086e00000, 0x000000008da80000, 0x00000000d7a00000)
  object space 111104K, 29% used [0x0000000086e00000,0x0000000088dc6198,0x000000008da80000)
 Metaspace       used 78255K, capacity 82962K, committed 83032K, reserved 1122304K
  class space    used 10356K, capacity 11106K, committed 11136K, reserved 1048576K
Event: 481.783 GC heap after
Heap after GC invocations=16 (full 3):
 PSYoungGen      total 283648K, used 18557K [0x00000000d7a00000, 0x00000000eac80000, 0x0000000100000000)
  eden space 264704K, 0% used [0x00000000d7a00000,0x00000000d7a00000,0x00000000e7c80000)
  from space 18944K, 97% used [0x00000000e8680000,0x00000000e989f4c0,0x00000000e9900000)
  to   space 19968K, 0% used [0x00000000e9900000,0x00000000e9900000,0x00000000eac80000)
 ParOldGen       total 111104K, used 32544K [0x0000000086e00000, 0x000000008da80000, 0x00000000d7a00000)
  object space 111104K, 29% used [0x0000000086e00000,0x0000000088dc8198,0x000000008da80000)
 Metaspace       used 78255K, capacity 82962K, committed 83032K, reserved 1122304K
  class space    used 10356K, capacity 11106K, committed 11136K, reserved 1048576K
}

