# JRE version: Java(TM) SE Runtime Environment (8.0_211-b12) (build 1.8.0_211-b12)
# Java VM: Java HotSpot(TM) 64-Bit Server VM (25.211-b12 mixed mode windows-amd64 compressed oops)
Heap:
 PSYoungGen      total 528384K, used 518921K [0x00000000d7a00000, 0x00000000fec80000, 0x0000000100000000)
  eden space 518656K, 98% used [0x00000000d7a00000,0x00000000f6b4dc30,0x00000000f7480000)
  from space 9728K, 99% used [0x00000000fd000000,0x00000000fd974990,0x00000000fd980000)
  to   space 18432K, 0% used [0x00000000fda80000,0x00000000fda80000,0x00000000fec80000)
 ParOldGen       total 82432K, used 50137K [0x0000000086e00000, 0x000000008be80000, 0x00000000d7a00000)
  object space 82432K, 60% used [0x0000000086e00000,0x0000000089ef67b0,0x000000008be80000)
 Metaspace       used 82027K, capacity 87128K, committed 87504K, reserved 1126400K
  class space    used 10319K, capacity 11169K, committed 11260K, reserved 1048576K
GC Heap History (10 events):
Event: 1798.295 GC heap before
{Heap before GC invocations=20 (full 5):
 PSYoungGen      total 459264K, used 446464K [0x00000000d7a00000, 0x00000000f5800000, 0x0000000100000000)
  eden space 446464K, 100% used [0x00000000d7a00000,0x00000000f2e00000,0x00000000f2e00000)
  from space 12800K, 0% used [0x00000000f4b80000,0x00000000f4b80000,0x00000000f5800000)
  to   space 19456K, 0% used [0x00000000f3200000,0x00000000f3200000,0x00000000f4500000)
 ParOldGen       total 82432K, used 38723K [0x0000000086e00000, 0x000000008be80000, 0x00000000d7a00000)
  object space 82432K, 46% used [0x0000000086e00000,0x00000000893d0f18,0x000000008be80000)
 Metaspace       used 78910K, capacity 83670K, committed 83792K, reserved 1122304K
  class space    used 10250K, capacity 11032K, committed 11132K, reserved 1048576K
Event: 1798.365 GC heap after
Heap after GC invocations=20 (full 5):
 PSYoungGen      total 470016K, used 18193K [0x00000000d7a00000, 0x00000000fde80000, 0x0000000100000000)
  eden space 450560K, 0% used [0x00000000d7a00000,0x00000000d7a00000,0x00000000f3200000)
  from space 19456K, 93% used [0x00000000f3200000,0x00000000f43c4418,0x00000000f4500000)
  to   space 22016K, 0% used [0x00000000fc900000,0x00000000fc900000,0x00000000fde80000)
 ParOldGen       total 82432K, used 38731K [0x0000000086e00000, 0x000000008be80000, 0x00000000d7a00000)
  object space 82432K, 46% used [0x0000000086e00000,0x00000000893d2f18,0x000000008be80000)
 Metaspace       used 78910K, capacity 83670K, committed 83792K, reserved 1122304K
  class space    used 10250K, capacity 11032K, committed 11132K, reserved 1048576K
}
Event: 2323.344 GC heap before
{Heap before GC invocations=21 (full 5):
 PSYoungGen      total 470016K, used 468507K [0x00000000d7a00000, 0x00000000fde80000, 0x0000000100000000)
  eden space 450560K, 99% used [0x00000000d7a00000,0x00000000f31c2800,0x00000000f3200000)
  from space 19456K, 93% used [0x00000000f3200000,0x00000000f43c4418,0x00000000f4500000)
  to   space 22016K, 0% used [0x00000000fc900000,0x00000000fc900000,0x00000000fde80000)
 ParOldGen       total 82432K, used 38731K [0x0000000086e00000, 0x000000008be80000, 0x00000000d7a00000)
  object space 82432K, 46% used [0x0000000086e00000,0x00000000893d2f18,0x000000008be80000)
 Metaspace       used 80057K, capacity 85006K, committed 85072K, reserved 1124352K
  class space    used 10281K, capacity 11082K, committed 11132K, reserved 1048576K
Event: 2323.371 GC heap after
Heap after GC invocations=21 (full 5):
 PSYoungGen      total 575488K, used 6555K [0x00000000d7a00000, 0x00000000fcf80000, 0x0000000100000000)
  eden space 568832K, 0% used [0x00000000d7a00000,0x00000000d7a00000,0x00000000fa580000)
  from space 6656K, 98% used [0x00000000fc900000,0x00000000fcf66f68,0x00000000fcf80000)
  to   space 21504K, 0% used [0x00000000fa580000,0x00000000fa580000,0x00000000fba80000)
 ParOldGen       total 82432K, used 50113K [0x0000000086e00000, 0x000000008be80000, 0x00000000d7a00000)
  object space 82432K, 60% used [0x0000000086e00000,0x0000000089ef07b0,0x000000008be80000)
 Metaspace       used 80057K, capacity 85006K, committed 85072K, reserved 1124352K
  class space    used 10281K, capacity 11082K, committed 11132K, reserved 1048576K
}
Event: 3225.665 GC heap before
{Heap before GC invocations=22 (full 5):
 PSYoungGen      total 575488K, used 574945K [0x00000000d7a00000, 0x00000000fcf80000, 0x0000000100000000)
  eden space 568832K, 99% used [0x00000000d7a00000,0x00000000fa511568,0x00000000fa580000)
  from space 6656K, 98% used [0x00000000fc900000,0x00000000fcf66f68,0x00000000fcf80000)
  to   space 21504K, 0% used [0x00000000fa580000,0x00000000fa580000,0x00000000fba80000)
 ParOldGen       total 82432K, used 50113K [0x0000000086e00000, 0x000000008be80000, 0x00000000d7a00000)
  object space 82432K, 60% used [0x0000000086e00000,0x0000000089ef07b0,0x000000008be80000)
 Metaspace       used 80936K, capacity 85818K, committed 86096K, reserved 1124352K
  class space    used 10287K, capacity 11088K, committed 11132K, reserved 1048576K
Event: 3225.683 GC heap after
Heap after GC invocations=22 (full 5):
 PSYoungGen      total 590336K, used 8870K [0x00000000d7a00000, 0x0000000100000000, 0x0000000100000000)
  eden space 568832K, 0% used [0x00000000d7a00000,0x00000000d7a00000,0x00000000fa580000)
  from space 21504K, 41% used [0x00000000fa580000,0x00000000fae29ab0,0x00000000fba80000)
  to   space 20480K, 0% used [0x00000000fec00000,0x00000000fec00000,0x0000000100000000)
 ParOldGen       total 82432K, used 50121K [0x0000000086e00000, 0x000000008be80000, 0x00000000d7a00000)
  object space 82432K, 60% used [0x0000000086e00000,0x0000000089ef27b0,0x000000008be80000)
 Metaspace       used 80936K, capacity 85818K, committed 86096K, reserved 1124352K
  class space    used 10287K, capacity 11088K, committed 11132K, reserved 1048576K
}
Event: 3498.470 GC heap before
{Heap before GC invocations=23 (full 5):
 PSYoungGen      total 590336K, used 577702K [0x00000000d7a00000, 0x0000000100000000, 0x0000000100000000)
  eden space 568832K, 100% used [0x00000000d7a00000,0x00000000fa580000,0x00000000fa580000)
  from space 21504K, 41% used [0x00000000fa580000,0x00000000fae29ab0,0x00000000fba80000)
  to   space 20480K, 0% used [0x00000000fec00000,0x00000000fec00000,0x0000000100000000)
 ParOldGen       total 82432K, used 50121K [0x0000000086e00000, 0x000000008be80000, 0x00000000d7a00000)
  object space 82432K, 60% used [0x0000000086e00000,0x0000000089ef27b0,0x000000008be80000)
 Metaspace       used 81408K, capacity 86454K, committed 86608K, reserved 1124352K
  class space    used 10297K, capacity 11106K, committed 11132K, reserved 1048576K
Event: 3498.498 GC heap after
Heap after GC invocations=23 (full 5):
 PSYoungGen      total 553472K, used 9855K [0x00000000d7a00000, 0x00000000ff600000, 0x0000000100000000)
  eden space 543232K, 0% used [0x00000000d7a00000,0x00000000d7a00000,0x00000000f8c80000)
  from space 10240K, 96% used [0x00000000fec00000,0x00000000ff59fe50,0x00000000ff600000)
  to   space 19456K, 0% used [0x00000000fd000000,0x00000000fd000000,0x00000000fe300000)
 ParOldGen       total 82432K, used 50129K [0x0000000086e00000, 0x000000008be80000, 0x00000000d7a00000)
  object space 82432K, 60% used [0x0000000086e00000,0x0000000089ef47b0,0x000000008be80000)
 Metaspace       used 81408K, capacity 86454K, committed 86608K, reserved 1124352K
  class space    used 10297K, capacity 11106K, committed 11132K, reserved 1048576K
}
Event: 3742.747 GC heap before
{Heap before GC invocations=24 (full 5):
 PSYoungGen      total 553472K, used 553087K [0x00000000d7a00000, 0x00000000ff600000, 0x0000000100000000)
  eden space 543232K, 100% used [0x00000000d7a00000,0x00000000f8c80000,0x00000000f8c80000)
  from space 10240K, 96% used [0x00000000fec00000,0x00000000ff59fe50,0x00000000ff600000)
  to   space 19456K, 0% used [0x00000000fd000000,0x00000000fd000000,0x00000000fe300000)
 ParOldGen       total 82432K, used 50129K [0x0000000086e00000, 0x000000008be80000, 0x00000000d7a00000)
  object space 82432K, 60% used [0x0000000086e00000,0x0000000089ef47b0,0x000000008be80000)
 Metaspace       used 81715K, capacity 86754K, committed 86992K, reserved 1124352K
  class space    used 10306K, capacity 11150K, committed 11260K, reserved 1048576K
Event: 3742.766 GC heap after
Heap after GC invocations=24 (full 5):
 PSYoungGen      total 528384K, used 9682K [0x00000000d7a00000, 0x00000000fec80000, 0x0000000100000000)
  eden space 518656K, 0% used [0x00000000d7a00000,0x00000000d7a00000,0x00000000f7480000)
  from space 9728K, 99% used [0x00000000fd000000,0x00000000fd974990,0x00000000fd980000)
  to   space 18432K, 0% used [0x00000000fda80000,0x00000000fda80000,0x00000000fec80000)
 ParOldGen       total 82432K, used 50137K [0x0000000086e00000, 0x000000008be80000, 0x00000000d7a00000)
  object space 82432K, 60% used [0x0000000086e00000,0x0000000089ef67b0,0x000000008be80000)
 Metaspace       used 81715K, capacity 86754K, committed 86992K, reserved 1124352K
  class space    used 10306K, capacity 11150K, committed 11260K, reserved 1048576K
}

