# JRE version: Java(TM) SE Runtime Environment (8.0_211-b12) (build 1.8.0_211-b12)
# Java VM: Java HotSpot(TM) 64-Bit Server VM (25.211-b12 mixed mode windows-amd64 compressed oops)
Heap:
 PSYoungGen      total 250880K, used 111330K [0x00000000d7a00000, 0x00000000ee580000, 0x0000000100000000)
  eden space 236544K, 47% used [0x00000000d7a00000,0x00000000de6b88e0,0x00000000e6100000)
  from space 14336K, 0% used [0x00000000e6100000,0x00000000e6100000,0x00000000e6f00000)
  to   space 14336K, 0% used [0x00000000ed780000,0x00000000ed780000,0x00000000ee580000)
 ParOldGen       total 91136K, used 25719K [0x0000000086e00000, 0x000000008c700000, 0x00000000d7a00000)
  object space 91136K, 28% used [0x0000000086e00000,0x000000008871dcf0,0x000000008c700000)
 Metaspace       used 60775K, capacity 64154K, committed 64216K, reserved 1107968K
  class space    used 8375K, capacity 8920K, committed 8960K, reserved 1048576K
GC Heap History (10 events):
Event: 16.622 GC heap before
{Heap before GC invocations=10 (full 1):
 PSYoungGen      total 169472K, used 42244K [0x00000000d7a00000, 0x00000000e4d00000, 0x0000000100000000)
  eden space 160256K, 20% used [0x00000000d7a00000,0x00000000d9a48908,0x00000000e1680000)
  from space 9216K, 99% used [0x00000000e2280000,0x00000000e2b788f0,0x00000000e2b80000)
  to   space 12288K, 0% used [0x00000000e1680000,0x00000000e1680000,0x00000000e2280000)
 ParOldGen       total 53248K, used 12151K [0x0000000086e00000, 0x000000008a200000, 0x00000000d7a00000)
  object space 53248K, 22% used [0x0000000086e00000,0x00000000879dddf8,0x000000008a200000)
 Metaspace       used 33530K, capacity 35376K, committed 35416K, reserved 1079296K
  class space    used 4400K, capacity 4725K, committed 4736K, reserved 1048576K
Event: 16.659 GC heap after
Heap after GC invocations=10 (full 1):
 PSYoungGen      total 172544K, used 7043K [0x00000000d7a00000, 0x00000000e7c80000, 0x0000000100000000)
  eden space 160256K, 0% used [0x00000000d7a00000,0x00000000d7a00000,0x00000000e1680000)
  from space 12288K, 57% used [0x00000000e1680000,0x00000000e1d60e50,0x00000000e2280000)
  to   space 11776K, 0% used [0x00000000e7100000,0x00000000e7100000,0x00000000e7c80000)
 ParOldGen       total 53248K, used 13997K [0x0000000086e00000, 0x000000008a200000, 0x00000000d7a00000)
  object space 53248K, 26% used [0x0000000086e00000,0x0000000087bab6a8,0x000000008a200000)
 Metaspace       used 33530K, capacity 35376K, committed 35416K, reserved 1079296K
  class space    used 4400K, capacity 4725K, committed 4736K, reserved 1048576K
}
Event: 16.659 GC heap before
{Heap before GC invocations=11 (full 2):
 PSYoungGen      total 172544K, used 7043K [0x00000000d7a00000, 0x00000000e7c80000, 0x0000000100000000)
  eden space 160256K, 0% used [0x00000000d7a00000,0x00000000d7a00000,0x00000000e1680000)
  from space 12288K, 57% used [0x00000000e1680000,0x00000000e1d60e50,0x00000000e2280000)
  to   space 11776K, 0% used [0x00000000e7100000,0x00000000e7100000,0x00000000e7c80000)
 ParOldGen       total 53248K, used 13997K [0x0000000086e00000, 0x000000008a200000, 0x00000000d7a00000)
  object space 53248K, 26% used [0x0000000086e00000,0x0000000087bab6a8,0x000000008a200000)
 Metaspace       used 33530K, capacity 35376K, committed 35416K, reserved 1079296K
  class space    used 4400K, capacity 4725K, committed 4736K, reserved 1048576K
Event: 16.827 GC heap after
Heap after GC invocations=11 (full 2):
 PSYoungGen      total 172544K, used 0K [0x00000000d7a00000, 0x00000000e7c80000, 0x0000000100000000)
  eden space 160256K, 0% used [0x00000000d7a00000,0x00000000d7a00000,0x00000000e1680000)
  from space 12288K, 0% used [0x00000000e1680000,0x00000000e1680000,0x00000000e2280000)
  to   space 11776K, 0% used [0x00000000e7100000,0x00000000e7100000,0x00000000e7c80000)
 ParOldGen       total 68096K, used 13054K [0x0000000086e00000, 0x000000008b080000, 0x00000000d7a00000)
  object space 68096K, 19% used [0x0000000086e00000,0x0000000087abf9e0,0x000000008b080000)
 Metaspace       used 33530K, capacity 35376K, committed 35416K, reserved 1079296K
  class space    used 4400K, capacity 4725K, committed 4736K, reserved 1048576K
}
Event: 25.113 GC heap before
{Heap before GC invocations=12 (full 2):
 PSYoungGen      total 172544K, used 160256K [0x00000000d7a00000, 0x00000000e7c80000, 0x0000000100000000)
  eden space 160256K, 100% used [0x00000000d7a00000,0x00000000e1680000,0x00000000e1680000)
  from space 12288K, 0% used [0x00000000e1680000,0x00000000e1680000,0x00000000e2280000)
  to   space 11776K, 0% used [0x00000000e7100000,0x00000000e7100000,0x00000000e7c80000)
 ParOldGen       total 68096K, used 13054K [0x0000000086e00000, 0x000000008b080000, 0x00000000d7a00000)
  object space 68096K, 19% used [0x0000000086e00000,0x0000000087abf9e0,0x000000008b080000)
 Metaspace       used 48420K, capacity 50628K, committed 50776K, reserved 1093632K
  class space    used 6624K, capacity 7029K, committed 7040K, reserved 1048576K
Event: 25.135 GC heap after
Heap after GC invocations=12 (full 2):
 PSYoungGen      total 248320K, used 11774K [0x00000000d7a00000, 0x00000000e7d00000, 0x0000000100000000)
  eden space 236544K, 0% used [0x00000000d7a00000,0x00000000d7a00000,0x00000000e6100000)
  from space 11776K, 99% used [0x00000000e7100000,0x00000000e7c7fad8,0x00000000e7c80000)
  to   space 14336K, 0% used [0x00000000e6100000,0x00000000e6100000,0x00000000e6f00000)
 ParOldGen       total 68096K, used 17211K [0x0000000086e00000, 0x000000008b080000, 0x00000000d7a00000)
  object space 68096K, 25% used [0x0000000086e00000,0x0000000087ecee78,0x000000008b080000)
 Metaspace       used 48420K, capacity 50628K, committed 50776K, reserved 1093632K
  class space    used 6624K, capacity 7029K, committed 7040K, reserved 1048576K
}
Event: 28.300 GC heap before
{Heap before GC invocations=13 (full 2):
 PSYoungGen      total 248320K, used 144881K [0x00000000d7a00000, 0x00000000e7d00000, 0x0000000100000000)
  eden space 236544K, 56% used [0x00000000d7a00000,0x00000000dfbfcae0,0x00000000e6100000)
  from space 11776K, 99% used [0x00000000e7100000,0x00000000e7c7fad8,0x00000000e7c80000)
  to   space 14336K, 0% used [0x00000000e6100000,0x00000000e6100000,0x00000000e6f00000)
 ParOldGen       total 68096K, used 17211K [0x0000000086e00000, 0x000000008b080000, 0x00000000d7a00000)
  object space 68096K, 25% used [0x0000000086e00000,0x0000000087ecee78,0x000000008b080000)
 Metaspace       used 56093K, capacity 59022K, committed 59028K, reserved 1099776K
  class space    used 7691K, capacity 8186K, committed 8192K, reserved 1048576K
Event: 28.333 GC heap after
Heap after GC invocations=13 (full 2):
 PSYoungGen      total 250880K, used 9199K [0x00000000d7a00000, 0x00000000ee580000, 0x0000000100000000)
  eden space 236544K, 0% used [0x00000000d7a00000,0x00000000d7a00000,0x00000000e6100000)
  from space 14336K, 64% used [0x00000000e6100000,0x00000000e69fbec0,0x00000000e6f00000)
  to   space 14336K, 0% used [0x00000000ed780000,0x00000000ed780000,0x00000000ee580000)
 ParOldGen       total 68096K, used 21904K [0x0000000086e00000, 0x000000008b080000, 0x00000000d7a00000)
  object space 68096K, 32% used [0x0000000086e00000,0x0000000088364108,0x000000008b080000)
 Metaspace       used 56093K, capacity 59022K, committed 59028K, reserved 1099776K
  class space    used 7691K, capacity 8186K, committed 8192K, reserved 1048576K
}
Event: 28.333 GC heap before
{Heap before GC invocations=14 (full 3):
 PSYoungGen      total 250880K, used 9199K [0x00000000d7a00000, 0x00000000ee580000, 0x0000000100000000)
  eden space 236544K, 0% used [0x00000000d7a00000,0x00000000d7a00000,0x00000000e6100000)
  from space 14336K, 64% used [0x00000000e6100000,0x00000000e69fbec0,0x00000000e6f00000)
  to   space 14336K, 0% used [0x00000000ed780000,0x00000000ed780000,0x00000000ee580000)
 ParOldGen       total 68096K, used 21904K [0x0000000086e00000, 0x000000008b080000, 0x00000000d7a00000)
  object space 68096K, 32% used [0x0000000086e00000,0x0000000088364108,0x000000008b080000)
 Metaspace       used 56093K, capacity 59022K, committed 59028K, reserved 1099776K
  class space    used 7691K, capacity 8186K, committed 8192K, reserved 1048576K
Event: 28.552 GC heap after
Heap after GC invocations=14 (full 3):
 PSYoungGen      total 250880K, used 0K [0x00000000d7a00000, 0x00000000ee580000, 0x0000000100000000)
  eden space 236544K, 0% used [0x00000000d7a00000,0x00000000d7a00000,0x00000000e6100000)
  from space 14336K, 0% used [0x00000000e6100000,0x00000000e6100000,0x00000000e6f00000)
  to   space 14336K, 0% used [0x00000000ed780000,0x00000000ed780000,0x00000000ee580000)
 ParOldGen       total 91136K, used 25719K [0x0000000086e00000, 0x000000008c700000, 0x00000000d7a00000)
  object space 91136K, 28% used [0x0000000086e00000,0x000000008871dcf0,0x000000008c700000)
 Metaspace       used 56089K, capacity 59016K, committed 59028K, reserved 1099776K
  class space    used 7690K, capacity 8185K, committed 8192K, reserved 1048576K
}

