# JRE version: Java(TM) SE Runtime Environment (8.0_211-b12) (build 1.8.0_211-b12)
# Java VM: Java HotSpot(TM) 64-Bit Server VM (25.211-b12 mixed mode windows-amd64 compressed oops)
Heap:
 PSYoungGen      total 253952K, used 142059K [0x00000000d7a00000, 0x00000000e9e80000, 0x0000000100000000)
  eden space 238080K, 59% used [0x00000000d7a00000,0x00000000e04bae48,0x00000000e6280000)
  from space 15872K, 0% used [0x00000000e7280000,0x00000000e7280000,0x00000000e8200000)
  to   space 16384K, 0% used [0x00000000e6280000,0x00000000e6280000,0x00000000e7280000)
 ParOldGen       total 110592K, used 21964K [0x0000000086e00000, 0x000000008da00000, 0x00000000d7a00000)
  object space 110592K, 19% used [0x0000000086e00000,0x0000000088373200,0x000000008da00000)
 Metaspace       used 60123K, capacity 63534K, committed 63704K, reserved 1103872K
  class space    used 8111K, capacity 8674K, committed 8704K, reserved 1048576K
GC Heap History (10 events):
Event: 13.705 GC heap before
{Heap before GC invocations=11 (full 2):
 PSYoungGen      total 158720K, used 7080K [0x00000000d7a00000, 0x00000000e5280000, 0x0000000100000000)
  eden space 146432K, 0% used [0x00000000d7a00000,0x00000000d7a00000,0x00000000e0900000)
  from space 12288K, 57% used [0x00000000e0900000,0x00000000e0fea018,0x00000000e1500000)
  to   space 11776K, 0% used [0x00000000e4700000,0x00000000e4700000,0x00000000e5280000)
 ParOldGen       total 54784K, used 14640K [0x0000000086e00000, 0x000000008a380000, 0x00000000d7a00000)
  object space 54784K, 26% used [0x0000000086e00000,0x0000000087c4c118,0x000000008a380000)
 Metaspace       used 33553K, capacity 35386K, committed 35416K, reserved 1079296K
  class space    used 4390K, capacity 4724K, committed 4736K, reserved 1048576K
Event: 13.916 GC heap after
Heap after GC invocations=11 (full 2):
 PSYoungGen      total 158720K, used 0K [0x00000000d7a00000, 0x00000000e5280000, 0x0000000100000000)
  eden space 146432K, 0% used [0x00000000d7a00000,0x00000000d7a00000,0x00000000e0900000)
  from space 12288K, 0% used [0x00000000e0900000,0x00000000e0900000,0x00000000e1500000)
  to   space 11776K, 0% used [0x00000000e4700000,0x00000000e4700000,0x00000000e5280000)
 ParOldGen       total 83456K, used 13572K [0x0000000086e00000, 0x000000008bf80000, 0x00000000d7a00000)
  object space 83456K, 16% used [0x0000000086e00000,0x0000000087b41218,0x000000008bf80000)
 Metaspace       used 33553K, capacity 35386K, committed 35416K, reserved 1079296K
  class space    used 4390K, capacity 4724K, committed 4736K, reserved 1048576K
}
Event: 17.650 GC heap before
{Heap before GC invocations=12 (full 2):
 PSYoungGen      total 158720K, used 146432K [0x00000000d7a00000, 0x00000000e5280000, 0x0000000100000000)
  eden space 146432K, 100% used [0x00000000d7a00000,0x00000000e0900000,0x00000000e0900000)
  from space 12288K, 0% used [0x00000000e0900000,0x00000000e0900000,0x00000000e1500000)
  to   space 11776K, 0% used [0x00000000e4700000,0x00000000e4700000,0x00000000e5280000)
 ParOldGen       total 83456K, used 13572K [0x0000000086e00000, 0x000000008bf80000, 0x00000000d7a00000)
  object space 83456K, 16% used [0x0000000086e00000,0x0000000087b41218,0x000000008bf80000)
 Metaspace       used 43145K, capacity 45222K, committed 45400K, reserved 1089536K
  class space    used 5779K, capacity 6148K, committed 6272K, reserved 1048576K
Event: 17.677 GC heap after
Heap after GC invocations=12 (full 2):
 PSYoungGen      total 199680K, used 10613K [0x00000000d7a00000, 0x00000000e5180000, 0x0000000100000000)
  eden space 188928K, 0% used [0x00000000d7a00000,0x00000000d7a00000,0x00000000e3280000)
  from space 10752K, 98% used [0x00000000e4700000,0x00000000e515d5f0,0x00000000e5180000)
  to   space 12800K, 0% used [0x00000000e3880000,0x00000000e3880000,0x00000000e4500000)
 ParOldGen       total 83456K, used 13572K [0x0000000086e00000, 0x000000008bf80000, 0x00000000d7a00000)
  object space 83456K, 16% used [0x0000000086e00000,0x0000000087b41218,0x000000008bf80000)
 Metaspace       used 43145K, capacity 45222K, committed 45400K, reserved 1089536K
  class space    used 5779K, capacity 6148K, committed 6272K, reserved 1048576K
}
Event: 22.827 GC heap before
{Heap before GC invocations=13 (full 2):
 PSYoungGen      total 199680K, used 199541K [0x00000000d7a00000, 0x00000000e5180000, 0x0000000100000000)
  eden space 188928K, 100% used [0x00000000d7a00000,0x00000000e3280000,0x00000000e3280000)
  from space 10752K, 98% used [0x00000000e4700000,0x00000000e515d5f0,0x00000000e5180000)
  to   space 12800K, 0% used [0x00000000e3880000,0x00000000e3880000,0x00000000e4500000)
 ParOldGen       total 83456K, used 13572K [0x0000000086e00000, 0x000000008bf80000, 0x00000000d7a00000)
  object space 83456K, 16% used [0x0000000086e00000,0x0000000087b41218,0x000000008bf80000)
 Metaspace       used 55342K, capacity 58122K, committed 58200K, reserved 1099776K
  class space    used 7508K, capacity 8002K, committed 8064K, reserved 1048576K
Event: 22.859 GC heap after
Heap after GC invocations=13 (full 2):
 PSYoungGen      total 207872K, used 12797K [0x00000000d7a00000, 0x00000000e8200000, 0x0000000100000000)
  eden space 195072K, 0% used [0x00000000d7a00000,0x00000000d7a00000,0x00000000e3880000)
  from space 12800K, 99% used [0x00000000e3880000,0x00000000e44ff740,0x00000000e4500000)
  to   space 15872K, 0% used [0x00000000e7280000,0x00000000e7280000,0x00000000e8200000)
 ParOldGen       total 83456K, used 17967K [0x0000000086e00000, 0x000000008bf80000, 0x00000000d7a00000)
  object space 83456K, 21% used [0x0000000086e00000,0x0000000087f8bca0,0x000000008bf80000)
 Metaspace       used 55342K, capacity 58122K, committed 58200K, reserved 1099776K
  class space    used 7508K, capacity 8002K, committed 8064K, reserved 1048576K
}
Event: 22.997 GC heap before
{Heap before GC invocations=14 (full 2):
 PSYoungGen      total 207872K, used 19925K [0x00000000d7a00000, 0x00000000e8200000, 0x0000000100000000)
  eden space 195072K, 3% used [0x00000000d7a00000,0x00000000d80f5ff8,0x00000000e3880000)
  from space 12800K, 99% used [0x00000000e3880000,0x00000000e44ff740,0x00000000e4500000)
  to   space 15872K, 0% used [0x00000000e7280000,0x00000000e7280000,0x00000000e8200000)
 ParOldGen       total 83456K, used 17967K [0x0000000086e00000, 0x000000008bf80000, 0x00000000d7a00000)
  object space 83456K, 21% used [0x0000000086e00000,0x0000000087f8bca0,0x000000008bf80000)
 Metaspace       used 56072K, capacity 58894K, committed 59028K, reserved 1099776K
  class space    used 7621K, capacity 8108K, committed 8192K, reserved 1048576K
Event: 23.010 GC heap after
Heap after GC invocations=14 (full 2):
 PSYoungGen      total 253952K, used 970K [0x00000000d7a00000, 0x00000000e9e80000, 0x0000000100000000)
  eden space 238080K, 0% used [0x00000000d7a00000,0x00000000d7a00000,0x00000000e6280000)
  from space 15872K, 6% used [0x00000000e7280000,0x00000000e7372a30,0x00000000e8200000)
  to   space 16384K, 0% used [0x00000000e6280000,0x00000000e6280000,0x00000000e7280000)
 ParOldGen       total 83456K, used 26355K [0x0000000086e00000, 0x000000008bf80000, 0x00000000d7a00000)
  object space 83456K, 31% used [0x0000000086e00000,0x00000000887bcc30,0x000000008bf80000)
 Metaspace       used 56072K, capacity 58894K, committed 59028K, reserved 1099776K
  class space    used 7621K, capacity 8108K, committed 8192K, reserved 1048576K
}
Event: 23.010 GC heap before
{Heap before GC invocations=15 (full 3):
 PSYoungGen      total 253952K, used 970K [0x00000000d7a00000, 0x00000000e9e80000, 0x0000000100000000)
  eden space 238080K, 0% used [0x00000000d7a00000,0x00000000d7a00000,0x00000000e6280000)
  from space 15872K, 6% used [0x00000000e7280000,0x00000000e7372a30,0x00000000e8200000)
  to   space 16384K, 0% used [0x00000000e6280000,0x00000000e6280000,0x00000000e7280000)
 ParOldGen       total 83456K, used 26355K [0x0000000086e00000, 0x000000008bf80000, 0x00000000d7a00000)
  object space 83456K, 31% used [0x0000000086e00000,0x00000000887bcc30,0x000000008bf80000)
 Metaspace       used 56072K, capacity 58894K, committed 59028K, reserved 1099776K
  class space    used 7621K, capacity 8108K, committed 8192K, reserved 1048576K
Event: 23.225 GC heap after
Heap after GC invocations=15 (full 3):
 PSYoungGen      total 253952K, used 0K [0x00000000d7a00000, 0x00000000e9e80000, 0x0000000100000000)
  eden space 238080K, 0% used [0x00000000d7a00000,0x00000000d7a00000,0x00000000e6280000)
  from space 15872K, 0% used [0x00000000e7280000,0x00000000e7280000,0x00000000e8200000)
  to   space 16384K, 0% used [0x00000000e6280000,0x00000000e6280000,0x00000000e7280000)
 ParOldGen       total 110592K, used 21964K [0x0000000086e00000, 0x000000008da00000, 0x00000000d7a00000)
  object space 110592K, 19% used [0x0000000086e00000,0x0000000088373200,0x000000008da00000)
 Metaspace       used 56072K, capacity 58894K, committed 59028K, reserved 1099776K
  class space    used 7621K, capacity 8108K, committed 8192K, reserved 1048576K
}

