# JRE version: Java(TM) SE Runtime Environment (8.0_211-b12) (build 1.8.0_211-b12)
# Java VM: Java HotSpot(TM) 64-Bit Server VM (25.211-b12 mixed mode windows-amd64 compressed oops)
Heap:
 PSYoungGen      total 305664K, used 93168K [0x00000000d7a00000, 0x00000000ef700000, 0x0000000100000000)
  eden space 289792K, 26% used [0x00000000d7a00000,0x00000000dc583e00,0x00000000e9500000)
  from space 15872K, 99% used [0x00000000e9500000,0x00000000ea4784f0,0x00000000ea480000)
  to   space 22016K, 0% used [0x00000000ee180000,0x00000000ee180000,0x00000000ef700000)
 ParOldGen       total 112128K, used 39981K [0x0000000086e00000, 0x000000008db80000, 0x00000000d7a00000)
  object space 112128K, 35% used [0x0000000086e00000,0x000000008950b7d8,0x000000008db80000)
 Metaspace       used 78600K, capacity 83120K, committed 83348K, reserved 1122304K
  class space    used 10410K, capacity 11103K, committed 11196K, reserved 1048576K
GC Heap History (10 events):
Event: 12.989 GC heap before
{Heap before GC invocations=12 (full 2):
 PSYoungGen      total 180736K, used 168448K [0x00000000d7a00000, 0x00000000e7400000, 0x0000000100000000)
  eden space 168448K, 100% used [0x00000000d7a00000,0x00000000e1e80000,0x00000000e1e80000)
  from space 12288K, 0% used [0x00000000e1e80000,0x00000000e1e80000,0x00000000e2a80000)
  to   space 11776K, 0% used [0x00000000e6880000,0x00000000e6880000,0x00000000e7400000)
 ParOldGen       total 76288K, used 13690K [0x0000000086e00000, 0x000000008b880000, 0x00000000d7a00000)
  object space 76288K, 17% used [0x0000000086e00000,0x0000000087b5e828,0x000000008b880000)
 Metaspace       used 45742K, capacity 47794K, committed 47960K, reserved 1091584K
  class space    used 6112K, capacity 6482K, committed 6528K, reserved 1048576K
Event: 13.018 GC heap after
Heap after GC invocations=12 (full 2):
 PSYoungGen      total 236032K, used 11745K [0x00000000d7a00000, 0x00000000e7400000, 0x0000000100000000)
  eden space 224256K, 0% used [0x00000000d7a00000,0x00000000d7a00000,0x00000000e5500000)
  from space 11776K, 99% used [0x00000000e6880000,0x00000000e73f87b0,0x00000000e7400000)
  to   space 13824K, 0% used [0x00000000e5900000,0x00000000e5900000,0x00000000e6680000)
 ParOldGen       total 76288K, used 15932K [0x0000000086e00000, 0x000000008b880000, 0x00000000d7a00000)
  object space 76288K, 20% used [0x0000000086e00000,0x0000000087d8f278,0x000000008b880000)
 Metaspace       used 45742K, capacity 47794K, committed 47960K, reserved 1091584K
  class space    used 6112K, capacity 6482K, committed 6528K, reserved 1048576K
}
Event: 16.479 GC heap before
{Heap before GC invocations=13 (full 2):
 PSYoungGen      total 236032K, used 193355K [0x00000000d7a00000, 0x00000000e7400000, 0x0000000100000000)
  eden space 224256K, 80% used [0x00000000d7a00000,0x00000000e2b5a488,0x00000000e5500000)
  from space 11776K, 99% used [0x00000000e6880000,0x00000000e73f87b0,0x00000000e7400000)
  to   space 13824K, 0% used [0x00000000e5900000,0x00000000e5900000,0x00000000e6680000)
 ParOldGen       total 76288K, used 15932K [0x0000000086e00000, 0x000000008b880000, 0x00000000d7a00000)
  object space 76288K, 20% used [0x0000000086e00000,0x0000000087d8f278,0x000000008b880000)
 Metaspace       used 56143K, capacity 58928K, committed 59028K, reserved 1099776K
  class space    used 7609K, capacity 8075K, committed 8124K, reserved 1048576K
Event: 16.514 GC heap after
Heap after GC invocations=13 (full 2):
 PSYoungGen      total 242176K, used 11940K [0x00000000d7a00000, 0x00000000eb680000, 0x0000000100000000)
  eden space 228352K, 0% used [0x00000000d7a00000,0x00000000d7a00000,0x00000000e5900000)
  from space 13824K, 86% used [0x00000000e5900000,0x00000000e64a9018,0x00000000e6680000)
  to   space 14848K, 0% used [0x00000000ea800000,0x00000000ea800000,0x00000000eb680000)
 ParOldGen       total 76288K, used 20536K [0x0000000086e00000, 0x000000008b880000, 0x00000000d7a00000)
  object space 76288K, 26% used [0x0000000086e00000,0x000000008820e0f0,0x000000008b880000)
 Metaspace       used 56143K, capacity 58928K, committed 59028K, reserved 1099776K
  class space    used 7609K, capacity 8075K, committed 8124K, reserved 1048576K
}
Event: 16.515 GC heap before
{Heap before GC invocations=14 (full 3):
 PSYoungGen      total 242176K, used 11940K [0x00000000d7a00000, 0x00000000eb680000, 0x0000000100000000)
  eden space 228352K, 0% used [0x00000000d7a00000,0x00000000d7a00000,0x00000000e5900000)
  from space 13824K, 86% used [0x00000000e5900000,0x00000000e64a9018,0x00000000e6680000)
  to   space 14848K, 0% used [0x00000000ea800000,0x00000000ea800000,0x00000000eb680000)
 ParOldGen       total 76288K, used 20536K [0x0000000086e00000, 0x000000008b880000, 0x00000000d7a00000)
  object space 76288K, 26% used [0x0000000086e00000,0x000000008820e0f0,0x000000008b880000)
 Metaspace       used 56143K, capacity 58928K, committed 59028K, reserved 1099776K
  class space    used 7609K, capacity 8075K, committed 8124K, reserved 1048576K
Event: 16.781 GC heap after
Heap after GC invocations=14 (full 3):
 PSYoungGen      total 242176K, used 0K [0x00000000d7a00000, 0x00000000eb680000, 0x0000000100000000)
  eden space 228352K, 0% used [0x00000000d7a00000,0x00000000d7a00000,0x00000000e5900000)
  from space 13824K, 0% used [0x00000000e5900000,0x00000000e5900000,0x00000000e6680000)
  to   space 14848K, 0% used [0x00000000ea800000,0x00000000ea800000,0x00000000eb680000)
 ParOldGen       total 112128K, used 28918K [0x0000000086e00000, 0x000000008db80000, 0x00000000d7a00000)
  object space 112128K, 25% used [0x0000000086e00000,0x0000000088a3d8d0,0x000000008db80000)
 Metaspace       used 56143K, capacity 58928K, committed 59028K, reserved 1099776K
  class space    used 7609K, capacity 8075K, committed 8124K, reserved 1048576K
}
Event: 20.021 GC heap before
{Heap before GC invocations=15 (full 3):
 PSYoungGen      total 242176K, used 228352K [0x00000000d7a00000, 0x00000000eb680000, 0x0000000100000000)
  eden space 228352K, 100% used [0x00000000d7a00000,0x00000000e5900000,0x00000000e5900000)
  from space 13824K, 0% used [0x00000000e5900000,0x00000000e5900000,0x00000000e6680000)
  to   space 14848K, 0% used [0x00000000ea800000,0x00000000ea800000,0x00000000eb680000)
 ParOldGen       total 112128K, used 28918K [0x0000000086e00000, 0x000000008db80000, 0x00000000d7a00000)
  object space 112128K, 25% used [0x0000000086e00000,0x0000000088a3d8d0,0x000000008db80000)
 Metaspace       used 62808K, capacity 66344K, committed 66580K, reserved 1107968K
  class space    used 8398K, capacity 8985K, committed 9020K, reserved 1048576K
Event: 20.052 GC heap after
Heap after GC invocations=15 (full 3):
 PSYoungGen      total 296960K, used 12268K [0x00000000d7a00000, 0x00000000eb400000, 0x0000000100000000)
  eden space 284672K, 0% used [0x00000000d7a00000,0x00000000d7a00000,0x00000000e9000000)
  from space 12288K, 99% used [0x00000000ea800000,0x00000000eb3fb2b0,0x00000000eb400000)
  to   space 15872K, 0% used [0x00000000e9500000,0x00000000e9500000,0x00000000ea480000)
 ParOldGen       total 112128K, used 28918K [0x0000000086e00000, 0x000000008db80000, 0x00000000d7a00000)
  object space 112128K, 25% used [0x0000000086e00000,0x0000000088a3d8d0,0x000000008db80000)
 Metaspace       used 62808K, capacity 66344K, committed 66580K, reserved 1107968K
  class space    used 8398K, capacity 8985K, committed 9020K, reserved 1048576K
}
Event: 34.500 GC heap before
{Heap before GC invocations=16 (full 3):
 PSYoungGen      total 296960K, used 296940K [0x00000000d7a00000, 0x00000000eb400000, 0x0000000100000000)
  eden space 284672K, 100% used [0x00000000d7a00000,0x00000000e9000000,0x00000000e9000000)
  from space 12288K, 99% used [0x00000000ea800000,0x00000000eb3fb2b0,0x00000000eb400000)
  to   space 15872K, 0% used [0x00000000e9500000,0x00000000e9500000,0x00000000ea480000)
 ParOldGen       total 112128K, used 28918K [0x0000000086e00000, 0x000000008db80000, 0x00000000d7a00000)
  object space 112128K, 25% used [0x0000000086e00000,0x0000000088a3d8d0,0x000000008db80000)
 Metaspace       used 77421K, capacity 81672K, committed 81940K, reserved 1120256K
  class space    used 10317K, capacity 11003K, committed 11068K, reserved 1048576K
Event: 34.546 GC heap after
Heap after GC invocations=16 (full 3):
 PSYoungGen      total 305664K, used 15841K [0x00000000d7a00000, 0x00000000ef700000, 0x0000000100000000)
  eden space 289792K, 0% used [0x00000000d7a00000,0x00000000d7a00000,0x00000000e9500000)
  from space 15872K, 99% used [0x00000000e9500000,0x00000000ea4784f0,0x00000000ea480000)
  to   space 22016K, 0% used [0x00000000ee180000,0x00000000ee180000,0x00000000ef700000)
 ParOldGen       total 112128K, used 39981K [0x0000000086e00000, 0x000000008db80000, 0x00000000d7a00000)
  object space 112128K, 35% used [0x0000000086e00000,0x000000008950b7d8,0x000000008db80000)
 Metaspace       used 77421K, capacity 81672K, committed 81940K, reserved 1120256K
  class space    used 10317K, capacity 11003K, committed 11068K, reserved 1048576K
}

